# JRE version: Java(TM) SE Runtime Environment (8.0_45-b14) (build 1.8.0_45-b14)
# Java VM: Java HotSpot(TM) 64-Bit Server VM (25.45-b02 mixed mode windows-amd64 compressed oops)
Heap:
 par new generation   total 306688K, used 216462K [0x00000000c0000000, 0x00000000d4cc0000, 0x00000000d4cc0000)
  eden space 272640K,  66% used [0x00000000c0000000, 0x00000000cb2238f8, 0x00000000d0a40000)
  from space 34048K, 100% used [0x00000000d2b80000, 0x00000000d4cc0000, 0x00000000d4cc0000)
  to   space 34048K,   0% used [0x00000000d0a40000, 0x00000000d0a40000, 0x00000000d2b80000)
 concurrent mark-sweep generation total 707840K, used 57131K [0x00000000d4cc0000, 0x0000000100000000, 0x0000000100000000)
 Metaspace       used 28326K, capacity 28603K, committed 28800K, reserved 1075200K
  class space    used 3605K, capacity 3694K, committed 3712K, reserved 1048576K
GC Heap History (8 events):
Event: 0.610 GC heap before
{Heap before GC invocations=0 (full 0):
 par new generation   total 306688K, used 49108K [0x00000000c0000000, 0x00000000d4cc0000, 0x00000000d4cc0000)
  eden space 272640K,  18% used [0x00000000c0000000, 0x00000000c2ff51b8, 0x00000000d0a40000)
  from space 34048K,   0% used [0x00000000d0a40000, 0x00000000d0a40000, 0x00000000d2b80000)
  to   space 34048K,   0% used [0x00000000d2b80000, 0x00000000d2b80000, 0x00000000d4cc0000)
 concurrent mark-sweep generation total 707840K, used 0K [0x00000000d4cc0000, 0x0000000100000000, 0x0000000100000000)
 Metaspace       used 9780K, capacity 9930K, committed 9984K, reserved 1058816K
  class space    used 1201K, capacity 1235K, committed 1280K, reserved 1048576K
Event: 0.630 GC heap after
Heap after GC invocations=1 (full 1):
 par new generation   total 306688K, used 0K [0x00000000c0000000, 0x00000000d4cc0000, 0x00000000d4cc0000)
  eden space 272640K,   0% used [0x00000000c0000000, 0x00000000c0000000, 0x00000000d0a40000)
  from space 34048K,   0% used [0x00000000d0a40000, 0x00000000d0a40000, 0x00000000d2b80000)
  to   space 34048K,   0% used [0x00000000d2b80000, 0x00000000d2b80000, 0x00000000d4cc0000)
 concurrent mark-sweep generation total 707840K, used 5366K [0x00000000d4cc0000, 0x0000000100000000, 0x0000000100000000)
 Metaspace       used 9780K, capacity 9930K, committed 9984K, reserved 1058816K
  class space    used 1201K, capacity 1235K, committed 1280K, reserved 1048576K
}
Event: 3.623 GC heap before
{Heap before GC invocations=1 (full 2):
 par new generation   total 306688K, used 272640K [0x00000000c0000000, 0x00000000d4cc0000, 0x00000000d4cc0000)
  eden space 272640K, 100% used [0x00000000c0000000, 0x00000000d0a40000, 0x00000000d0a40000)
  from space 34048K,   0% used [0x00000000d0a40000, 0x00000000d0a40000, 0x00000000d2b80000)
  to   space 34048K,   0% used [0x00000000d2b80000, 0x00000000d2b80000, 0x00000000d4cc0000)
 concurrent mark-sweep generation total 707840K, used 5366K [0x00000000d4cc0000, 0x0000000100000000, 0x0000000100000000)
 Metaspace       used 17282K, capacity 17454K, committed 17536K, reserved 1064960K
  class space    used 2113K, capacity 2143K, committed 2176K, reserved 1048576K
Event: 3.643 GC heap after
Heap after GC invocations=2 (full 2):
 par new generation   total 306688K, used 25975K [0x00000000c0000000, 0x00000000d4cc0000, 0x00000000d4cc0000)
  eden space 272640K,   0% used [0x00000000c0000000, 0x00000000c0000000, 0x00000000d0a40000)
  from space 34048K,  76% used [0x00000000d2b80000, 0x00000000d44ddce8, 0x00000000d4cc0000)
  to   space 34048K,   0% used [0x00000000d0a40000, 0x00000000d0a40000, 0x00000000d2b80000)
 concurrent mark-sweep generation total 707840K, used 5366K [0x00000000d4cc0000, 0x0000000100000000, 0x0000000100000000)
 Metaspace       used 17282K, capacity 17454K, committed 17536K, reserved 1064960K
  class space    used 2113K, capacity 2143K, committed 2176K, reserved 1048576K
}
Event: 4.787 GC heap before
{Heap before GC invocations=2 (full 2):
 par new generation   total 306688K, used 298615K [0x00000000c0000000, 0x00000000d4cc0000, 0x00000000d4cc0000)
  eden space 272640K, 100% used [0x00000000c0000000, 0x00000000d0a40000, 0x00000000d0a40000)
  from space 34048K,  76% used [0x00000000d2b80000, 0x00000000d44ddce8, 0x00000000d4cc0000)
  to   space 34048K,   0% used [0x00000000d0a40000, 0x00000000d0a40000, 0x00000000d2b80000)
 concurrent mark-sweep generation total 707840K, used 5366K [0x00000000d4cc0000, 0x0000000100000000, 0x0000000100000000)
 Metaspace       used 18352K, capacity 18478K, committed 18816K, reserved 1064960K
  class space    used 2313K, capacity 2335K, committed 2432K, reserved 1048576K
Event: 4.847 GC heap after
Heap after GC invocations=3 (full 2):
 par new generation   total 306688K, used 22819K [0x00000000c0000000, 0x00000000d4cc0000, 0x00000000d4cc0000)
  eden space 272640K,   0% used [0x00000000c0000000, 0x00000000c0000000, 0x00000000d0a40000)
  from space 34048K,  67% used [0x00000000d0a40000, 0x00000000d2088c28, 0x00000000d2b80000)
  to   space 34048K,   0% used [0x00000000d2b80000, 0x00000000d2b80000, 0x00000000d4cc0000)
 concurrent mark-sweep generation total 707840K, used 27681K [0x00000000d4cc0000, 0x0000000100000000, 0x0000000100000000)
 Metaspace       used 18352K, capacity 18478K, committed 18816K, reserved 1064960K
  class space    used 2313K, capacity 2335K, committed 2432K, reserved 1048576K
}
Event: 7.142 GC heap before
{Heap before GC invocations=3 (full 2):
 par new generation   total 306688K, used 295459K [0x00000000c0000000, 0x00000000d4cc0000, 0x00000000d4cc0000)
  eden space 272640K, 100% used [0x00000000c0000000, 0x00000000d0a40000, 0x00000000d0a40000)
  from space 34048K,  67% used [0x00000000d0a40000, 0x00000000d2088c28, 0x00000000d2b80000)
  to   space 34048K,   0% used [0x00000000d2b80000, 0x00000000d2b80000, 0x00000000d4cc0000)
 concurrent mark-sweep generation total 707840K, used 24803K [0x00000000d4cc0000, 0x0000000100000000, 0x0000000100000000)
 Metaspace       used 24521K, capacity 24727K, committed 24960K, reserved 1071104K
  class space    used 3129K, capacity 3174K, committed 3200K, reserved 1048576K
Event: 7.201 GC heap after
Heap after GC invocations=4 (full 2):
 par new generation   total 306688K, used 34048K [0x00000000c0000000, 0x00000000d4cc0000, 0x00000000d4cc0000)
  eden space 272640K,   0% used [0x00000000c0000000, 0x00000000c0000000, 0x00000000d0a40000)
  from space 34048K, 100% used [0x00000000d2b80000, 0x00000000d4cc0000, 0x00000000d4cc0000)
  to   space 34048K,   0% used [0x00000000d0a40000, 0x00000000d0a40000, 0x00000000d2b80000)
 concurrent mark-sweep generation total 707840K, used 57131K [0x00000000d4cc0000, 0x0000000100000000, 0x0000000100000000)
 Metaspace       used 24521K, capacity 24727K, committed 24960K, reserved 1071104K
  class space    used 3129K, capacity 3174K, committed 3200K, reserved 1048576K
}

